{"D:\\ANDRES\\DOCUMENTOS M.2\\COURSES\\DEV-TALLES\\REACT\\02-first-steps\\src\\FirstStepsApp.tsx": {"path":"D:\\ANDRES\\DOCUMENTOS M.2\\COURSES\\DEV-TALLES\\REACT\\02-first-steps\\src\\FirstStepsApp.tsx","all":false,"statementMap":{"0":{"start":{"line":1,"column":0},"end":{"line":1,"column":58}},"7":{"start":{"line":8,"column":0},"end":{"line":8,"column":35}},"8":{"start":{"line":9,"column":0},"end":{"line":9,"column":49}},"9":{"start":{"line":10,"column":0},"end":{"line":10,"column":55}},"10":{"start":{"line":11,"column":0},"end":{"line":11,"column":59}},"11":{"start":{"line":12,"column":0},"end":{"line":12,"column":1}},"12":{"start":{"line":13,"column":0},"end":{"line":13,"column":33}},"13":{"start":{"line":14,"column":0},"end":{"line":14,"column":12}},"14":{"start":{"line":15,"column":0},"end":{"line":15,"column":35}},"15":{"start":{"line":16,"column":0},"end":{"line":16,"column":39}},"18":{"start":{"line":19,"column":0},"end":{"line":19,"column":63}},"19":{"start":{"line":20,"column":0},"end":{"line":20,"column":91}},"28":{"start":{"line":29,"column":0},"end":{"line":29,"column":2}}},"s":{"0":1,"7":1,"8":1,"9":1,"10":1,"11":1,"12":1,"13":3,"14":3,"15":3,"18":3,"19":3,"28":3},"branchMap":{"0":{"type":"branch","line":13,"loc":{"start":{"line":13,"column":7},"end":{"line":29,"column":2}},"locations":[{"start":{"line":13,"column":7},"end":{"line":29,"column":2}}]}},"b":{"0":[3]},"fnMap":{"0":{"name":"FirstStepsApp","decl":{"start":{"line":13,"column":7},"end":{"line":29,"column":2}},"loc":{"start":{"line":13,"column":7},"end":{"line":29,"column":2}},"line":13}},"f":{"0":3}}
,"D:\\ANDRES\\DOCUMENTOS M.2\\COURSES\\DEV-TALLES\\REACT\\02-first-steps\\src\\MyAwesomeApp.tsx": {"path":"D:\\ANDRES\\DOCUMENTOS M.2\\COURSES\\DEV-TALLES\\REACT\\02-first-steps\\src\\MyAwesomeApp.tsx","all":false,"statementMap":{"7":{"start":{"line":8,"column":0},"end":{"line":8,"column":72}},"8":{"start":{"line":9,"column":0},"end":{"line":9,"column":23}},"9":{"start":{"line":10,"column":0},"end":{"line":10,"column":17}},"10":{"start":{"line":11,"column":0},"end":{"line":11,"column":22}},"11":{"start":{"line":12,"column":0},"end":{"line":12,"column":22}},"12":{"start":{"line":13,"column":0},"end":{"line":13,"column":1}},"15":{"start":{"line":16,"column":0},"end":{"line":16,"column":33}},"16":{"start":{"line":17,"column":0},"end":{"line":17,"column":31}},"17":{"start":{"line":18,"column":0},"end":{"line":18,"column":37}},"18":{"start":{"line":19,"column":0},"end":{"line":19,"column":16}},"19":{"start":{"line":20,"column":0},"end":{"line":20,"column":18}},"20":{"start":{"line":21,"column":0},"end":{"line":21,"column":1}},"22":{"start":{"line":23,"column":0},"end":{"line":23,"column":67}},"24":{"start":{"line":25,"column":0},"end":{"line":25,"column":34}},"25":{"start":{"line":26,"column":0},"end":{"line":26,"column":31}},"26":{"start":{"line":27,"column":0},"end":{"line":27,"column":38}},"27":{"start":{"line":28,"column":0},"end":{"line":28,"column":43}},"28":{"start":{"line":29,"column":0},"end":{"line":29,"column":25}},"30":{"start":{"line":31,"column":0},"end":{"line":31,"column":29}},"32":{"start":{"line":33,"column":0},"end":{"line":33,"column":15}},"33":{"start":{"line":34,"column":0},"end":{"line":34,"column":73}},"35":{"start":{"line":36,"column":0},"end":{"line":36,"column":54}},"37":{"start":{"line":38,"column":0},"end":{"line":38,"column":10}},"38":{"start":{"line":39,"column":0},"end":{"line":39,"column":26}},"39":{"start":{"line":40,"column":0},"end":{"line":40,"column":40}},"42":{"start":{"line":43,"column":0},"end":{"line":43,"column":1}},"45":{"start":{"line":46,"column":0},"end":{"line":46,"column":68}},"47":{"start":{"line":48,"column":0},"end":{"line":48,"column":16}},"48":{"start":{"line":49,"column":0},"end":{"line":49,"column":45}},"49":{"start":{"line":50,"column":0},"end":{"line":50,"column":43}},"50":{"start":{"line":51,"column":0},"end":{"line":51,"column":10}},"52":{"start":{"line":53,"column":0},"end":{"line":53,"column":4}}},"s":{"7":1,"8":1,"9":1,"10":1,"11":1,"12":1,"15":1,"16":1,"17":1,"18":1,"19":1,"20":1,"22":1,"24":4,"25":4,"26":4,"27":4,"28":4,"30":4,"32":4,"33":4,"35":4,"37":4,"38":4,"39":4,"42":4,"45":1,"47":1,"48":1,"49":1,"50":1,"52":1},"branchMap":{"0":{"type":"branch","line":18,"loc":{"start":{"line":18,"column":18},"end":{"line":18,"column":34}},"locations":[{"start":{"line":18,"column":18},"end":{"line":18,"column":34}}]},"1":{"type":"branch","line":23,"loc":{"start":{"line":23,"column":28},"end":{"line":43,"column":1}},"locations":[{"start":{"line":23,"column":28},"end":{"line":43,"column":1}}]},"2":{"type":"branch","line":36,"loc":{"start":{"line":36,"column":14},"end":{"line":36,"column":36}},"locations":[{"start":{"line":36,"column":14},"end":{"line":36,"column":36}}]}},"b":{"0":[0],"1":[4],"2":[0]},"fnMap":{"0":{"name":"MyAwesomeApp","decl":{"start":{"line":23,"column":28},"end":{"line":43,"column":1}},"loc":{"start":{"line":23,"column":28},"end":{"line":43,"column":1}},"line":23}},"f":{"0":4}}
,"D:\\ANDRES\\DOCUMENTOS M.2\\COURSES\\DEV-TALLES\\REACT\\02-first-steps\\src\\main.tsx": {"path":"D:\\ANDRES\\DOCUMENTOS M.2\\COURSES\\DEV-TALLES\\REACT\\02-first-steps\\src\\main.tsx","all":true,"statementMap":{"0":{"start":{"line":1,"column":0},"end":{"line":1,"column":34}},"1":{"start":{"line":2,"column":0},"end":{"line":2,"column":45}},"2":{"start":{"line":3,"column":0},"end":{"line":3,"column":47}},"3":{"start":{"line":4,"column":0},"end":{"line":4,"column":48}},"4":{"start":{"line":5,"column":0},"end":{"line":5,"column":0}},"5":{"start":{"line":6,"column":0},"end":{"line":6,"column":0}},"6":{"start":{"line":7,"column":0},"end":{"line":7,"column":52}},"7":{"start":{"line":8,"column":0},"end":{"line":8,"column":14}},"8":{"start":{"line":9,"column":0},"end":{"line":9,"column":20}},"9":{"start":{"line":10,"column":0},"end":{"line":10,"column":77}},"10":{"start":{"line":11,"column":0},"end":{"line":11,"column":16}},"11":{"start":{"line":12,"column":0},"end":{"line":12,"column":1}}},"s":{"0":0,"1":0,"2":0,"3":0,"4":0,"5":0,"6":0,"7":0,"8":0,"9":0,"10":0,"11":0},"branchMap":{"0":{"type":"branch","line":1,"loc":{"start":{"line":1,"column":0},"end":{"line":12,"column":1}},"locations":[{"start":{"line":1,"column":0},"end":{"line":12,"column":1}}]}},"b":{"0":[0]},"fnMap":{"0":{"name":"(empty-report)","decl":{"start":{"line":1,"column":0},"end":{"line":12,"column":1}},"loc":{"start":{"line":1,"column":0},"end":{"line":12,"column":1}},"line":1}},"f":{"0":0}}
,"D:\\ANDRES\\DOCUMENTOS M.2\\COURSES\\DEV-TALLES\\REACT\\02-first-steps\\src\\helpers\\math.helper.ts": {"path":"D:\\ANDRES\\DOCUMENTOS M.2\\COURSES\\DEV-TALLES\\REACT\\02-first-steps\\src\\helpers\\math.helper.ts","all":false,"statementMap":{"1":{"start":{"line":2,"column":0},"end":{"line":2,"column":46}},"3":{"start":{"line":4,"column":0},"end":{"line":4,"column":17}},"4":{"start":{"line":5,"column":0},"end":{"line":5,"column":1}},"6":{"start":{"line":7,"column":0},"end":{"line":7,"column":51}},"8":{"start":{"line":9,"column":0},"end":{"line":9,"column":17}},"9":{"start":{"line":10,"column":0},"end":{"line":10,"column":1}},"11":{"start":{"line":12,"column":0},"end":{"line":12,"column":51}},"13":{"start":{"line":14,"column":0},"end":{"line":14,"column":17}},"14":{"start":{"line":15,"column":0},"end":{"line":15,"column":1}},"16":{"start":{"line":17,"column":0},"end":{"line":17,"column":49}},"18":{"start":{"line":19,"column":0},"end":{"line":19,"column":17}},"19":{"start":{"line":20,"column":0},"end":{"line":20,"column":1}}},"s":{"1":1,"3":3,"4":3,"6":1,"8":2,"9":2,"11":1,"13":2,"14":2,"16":1,"18":1,"19":1},"branchMap":{"0":{"type":"branch","line":2,"loc":{"start":{"line":2,"column":19},"end":{"line":5,"column":1}},"locations":[{"start":{"line":2,"column":19},"end":{"line":5,"column":1}}]},"1":{"type":"branch","line":7,"loc":{"start":{"line":7,"column":24},"end":{"line":10,"column":1}},"locations":[{"start":{"line":7,"column":24},"end":{"line":10,"column":1}}]},"2":{"type":"branch","line":12,"loc":{"start":{"line":12,"column":24},"end":{"line":15,"column":1}},"locations":[{"start":{"line":12,"column":24},"end":{"line":15,"column":1}}]},"3":{"type":"branch","line":17,"loc":{"start":{"line":17,"column":22},"end":{"line":20,"column":1}},"locations":[{"start":{"line":17,"column":22},"end":{"line":20,"column":1}}]}},"b":{"0":[3],"1":[2],"2":[2],"3":[1]},"fnMap":{"0":{"name":"add","decl":{"start":{"line":2,"column":19},"end":{"line":5,"column":1}},"loc":{"start":{"line":2,"column":19},"end":{"line":5,"column":1}},"line":2},"1":{"name":"subtract","decl":{"start":{"line":7,"column":24},"end":{"line":10,"column":1}},"loc":{"start":{"line":7,"column":24},"end":{"line":10,"column":1}},"line":7},"2":{"name":"multiply","decl":{"start":{"line":12,"column":24},"end":{"line":15,"column":1}},"loc":{"start":{"line":12,"column":24},"end":{"line":15,"column":1}},"line":12},"3":{"name":"divide","decl":{"start":{"line":17,"column":22},"end":{"line":20,"column":1}},"loc":{"start":{"line":17,"column":22},"end":{"line":20,"column":1}},"line":17}},"f":{"0":3,"1":2,"2":2,"3":1}}
,"D:\\ANDRES\\DOCUMENTOS M.2\\COURSES\\DEV-TALLES\\REACT\\02-first-steps\\src\\shopping-cart\\ItemCounter.tsx": {"path":"D:\\ANDRES\\DOCUMENTOS M.2\\COURSES\\DEV-TALLES\\REACT\\02-first-steps\\src\\shopping-cart\\ItemCounter.tsx","all":false,"statementMap":{"0":{"start":{"line":1,"column":0},"end":{"line":1,"column":33}},"5":{"start":{"line":6,"column":0},"end":{"line":6,"column":29}},"6":{"start":{"line":7,"column":0},"end":{"line":7,"column":45}},"12":{"start":{"line":13,"column":0},"end":{"line":13,"column":65}},"14":{"start":{"line":15,"column":0},"end":{"line":15,"column":49}},"16":{"start":{"line":17,"column":0},"end":{"line":17,"column":29}},"17":{"start":{"line":18,"column":0},"end":{"line":18,"column":25}},"18":{"start":{"line":19,"column":0},"end":{"line":19,"column":5}},"20":{"start":{"line":21,"column":0},"end":{"line":21,"column":34}},"21":{"start":{"line":22,"column":0},"end":{"line":22,"column":34}},"22":{"start":{"line":23,"column":0},"end":{"line":23,"column":25}},"23":{"start":{"line":24,"column":0},"end":{"line":24,"column":5}},"25":{"start":{"line":26,"column":0},"end":{"line":26,"column":10}},"26":{"start":{"line":27,"column":0},"end":{"line":27,"column":13}},"27":{"start":{"line":28,"column":0},"end":{"line":28,"column":35}},"34":{"start":{"line":35,"column":0},"end":{"line":35,"column":14}},"35":{"start":{"line":36,"column":0},"end":{"line":36,"column":44}},"36":{"start":{"line":37,"column":0},"end":{"line":37,"column":20}},"37":{"start":{"line":38,"column":0},"end":{"line":38,"column":53}},"38":{"start":{"line":39,"column":0},"end":{"line":39,"column":14}},"39":{"start":{"line":40,"column":0},"end":{"line":40,"column":24}},"40":{"start":{"line":41,"column":0},"end":{"line":41,"column":49}},"41":{"start":{"line":42,"column":0},"end":{"line":42,"column":30}},"42":{"start":{"line":43,"column":0},"end":{"line":43,"column":54}},"45":{"start":{"line":46,"column":0},"end":{"line":46,"column":1}}},"s":{"0":1,"5":1,"6":1,"12":1,"14":9,"16":9,"17":1,"18":1,"20":9,"21":2,"22":1,"23":1,"25":9,"26":9,"27":9,"34":9,"35":9,"36":9,"37":9,"38":9,"39":9,"40":9,"41":9,"42":9,"45":9},"branchMap":{"0":{"type":"branch","line":13,"loc":{"start":{"line":13,"column":27},"end":{"line":46,"column":1}},"locations":[{"start":{"line":13,"column":27},"end":{"line":46,"column":1}}]},"1":{"type":"branch","line":38,"loc":{"start":{"line":38,"column":33},"end":{"line":38,"column":45}},"locations":[{"start":{"line":38,"column":33},"end":{"line":38,"column":45}}]},"2":{"type":"branch","line":38,"loc":{"start":{"line":38,"column":37},"end":{"line":38,"column":53}},"locations":[{"start":{"line":38,"column":37},"end":{"line":38,"column":53}}]},"3":{"type":"branch","line":17,"loc":{"start":{"line":17,"column":22},"end":{"line":19,"column":5}},"locations":[{"start":{"line":17,"column":22},"end":{"line":19,"column":5}}]},"4":{"type":"branch","line":21,"loc":{"start":{"line":21,"column":27},"end":{"line":24,"column":5}},"locations":[{"start":{"line":21,"column":27},"end":{"line":24,"column":5}}]},"5":{"type":"branch","line":22,"loc":{"start":{"line":22,"column":27},"end":{"line":24,"column":5}},"locations":[{"start":{"line":22,"column":27},"end":{"line":24,"column":5}}]}},"b":{"0":[9],"1":[3],"2":[6],"3":[1],"4":[2],"5":[1]},"fnMap":{"0":{"name":"ItemCounter","decl":{"start":{"line":13,"column":27},"end":{"line":46,"column":1}},"loc":{"start":{"line":13,"column":27},"end":{"line":46,"column":1}},"line":13},"1":{"name":"handleAdd","decl":{"start":{"line":17,"column":22},"end":{"line":19,"column":5}},"loc":{"start":{"line":17,"column":22},"end":{"line":19,"column":5}},"line":17},"2":{"name":"handleSubtract","decl":{"start":{"line":21,"column":27},"end":{"line":24,"column":5}},"loc":{"start":{"line":21,"column":27},"end":{"line":24,"column":5}},"line":21}},"f":{"0":9,"1":1,"2":2}}
}
