{"D:\\ANDRES\\DOCUMENTOS M.2\\COURSES\\DEV-TALLES\\REACT\\03-gifs-app2\\src\\GifsApp.tsx": {"path":"D:\\ANDRES\\DOCUMENTOS M.2\\COURSES\\DEV-TALLES\\REACT\\03-gifs-app2\\src\\GifsApp.tsx","statementMap":{"0":{"start":{"line":10,"column":23},"end":{"line":35,"column":null}},"1":{"start":{"line":12,"column":58},"end":{"line":12,"column":null}}},"fnMap":{"0":{"name":"(anonymous_0)","decl":{"start":{"line":10,"column":23},"end":{"line":10,"column":null}},"loc":{"start":{"line":10,"column":23},"end":{"line":35,"column":null}},"line":10}},"branchMap":{},"s":{"0":1,"1":1},"f":{"0":1},"b":{},"meta":{"lastBranch":0,"lastFunction":1,"lastStatement":2,"seen":{"s:10:23:35:Infinity":0,"f:10:23:10:Infinity":0,"s:12:58:12:Infinity":1}}}
,"D:\\ANDRES\\DOCUMENTOS M.2\\COURSES\\DEV-TALLES\\REACT\\03-gifs-app2\\src\\counter\\components\\MyCounterApp.tsx": {"path":"D:\\ANDRES\\DOCUMENTOS M.2\\COURSES\\DEV-TALLES\\REACT\\03-gifs-app2\\src\\counter\\components\\MyCounterApp.tsx","statementMap":{"0":{"start":{"line":5,"column":28},"end":{"line":21,"column":null}},"1":{"start":{"line":8,"column":59},"end":{"line":8,"column":null}}},"fnMap":{"0":{"name":"(anonymous_0)","decl":{"start":{"line":5,"column":28},"end":{"line":5,"column":null}},"loc":{"start":{"line":5,"column":28},"end":{"line":21,"column":null}},"line":5}},"branchMap":{},"s":{"0":2,"1":7},"f":{"0":7},"b":{},"meta":{"lastBranch":0,"lastFunction":1,"lastStatement":2,"seen":{"s:5:28:21:Infinity":0,"f:5:28:5:Infinity":0,"s:8:59:8:Infinity":1}}}
,"D:\\ANDRES\\DOCUMENTOS M.2\\COURSES\\DEV-TALLES\\REACT\\03-gifs-app2\\src\\counter\\hooks\\useCounter.tsx": {"path":"D:\\ANDRES\\DOCUMENTOS M.2\\COURSES\\DEV-TALLES\\REACT\\03-gifs-app2\\src\\counter\\hooks\\useCounter.tsx","statementMap":{"0":{"start":{"line":3,"column":26},"end":{"line":29,"column":null}},"1":{"start":{"line":5,"column":31},"end":{"line":5,"column":null}},"2":{"start":{"line":7,"column":22},"end":{"line":9,"column":null}},"3":{"start":{"line":8,"column":8},"end":{"line":8,"column":null}},"4":{"start":{"line":11,"column":27},"end":{"line":13,"column":null}},"5":{"start":{"line":12,"column":8},"end":{"line":12,"column":null}},"6":{"start":{"line":12,"column":33},"end":{"line":12,"column":null}},"7":{"start":{"line":15,"column":24},"end":{"line":17,"column":null}},"8":{"start":{"line":16,"column":8},"end":{"line":16,"column":null}},"9":{"start":{"line":20,"column":2},"end":{"line":28,"column":null}}},"fnMap":{"0":{"name":"(anonymous_0)","decl":{"start":{"line":3,"column":26},"end":{"line":3,"column":28}},"loc":{"start":{"line":3,"column":53},"end":{"line":29,"column":null}},"line":3},"1":{"name":"(anonymous_1)","decl":{"start":{"line":7,"column":22},"end":{"line":7,"column":null}},"loc":{"start":{"line":7,"column":22},"end":{"line":9,"column":null}},"line":7},"2":{"name":"(anonymous_2)","decl":{"start":{"line":11,"column":27},"end":{"line":11,"column":null}},"loc":{"start":{"line":11,"column":27},"end":{"line":13,"column":null}},"line":11},"3":{"name":"(anonymous_3)","decl":{"start":{"line":12,"column":20},"end":{"line":12,"column":33}},"loc":{"start":{"line":12,"column":33},"end":{"line":12,"column":null}},"line":12},"4":{"name":"(anonymous_4)","decl":{"start":{"line":15,"column":24},"end":{"line":15,"column":null}},"loc":{"start":{"line":15,"column":24},"end":{"line":17,"column":null}},"line":15}},"branchMap":{"0":{"loc":{"start":{"line":3,"column":28},"end":{"line":3,"column":53}},"type":"default-arg","locations":[{"start":{"line":3,"column":51},"end":{"line":3,"column":53}}],"line":3}},"s":{"0":2,"1":14,"2":14,"3":2,"4":14,"5":4,"6":4,"7":14,"8":1,"9":14},"f":{"0":14,"1":2,"2":4,"3":4,"4":1},"b":{"0":[14]},"meta":{"lastBranch":1,"lastFunction":5,"lastStatement":10,"seen":{"s:3:26:29:Infinity":0,"f:3:26:3:28":0,"b:3:51:3:53":0,"s:5:31:5:Infinity":1,"s:7:22:9:Infinity":2,"f:7:22:7:Infinity":1,"s:8:8:8:Infinity":3,"s:11:27:13:Infinity":4,"f:11:27:11:Infinity":2,"s:12:8:12:Infinity":5,"f:12:20:12:33":3,"s:12:33:12:Infinity":6,"s:15:24:17:Infinity":7,"f:15:24:15:Infinity":4,"s:16:8:16:Infinity":8,"s:20:2:28:Infinity":9}}}
,"D:\\ANDRES\\DOCUMENTOS M.2\\COURSES\\DEV-TALLES\\REACT\\03-gifs-app2\\src\\gifs\\actions\\get-gifs-by-query.action.ts": {"path":"D:\\ANDRES\\DOCUMENTOS M.2\\COURSES\\DEV-TALLES\\REACT\\03-gifs-app2\\src\\gifs\\actions\\get-gifs-by-query.action.ts","statementMap":{"0":{"start":{"line":6,"column":30},"end":{"line":34,"column":null}},"1":{"start":{"line":9,"column":4},"end":{"line":11,"column":null}},"2":{"start":{"line":10,"column":8},"end":{"line":10,"column":null}},"3":{"start":{"line":13,"column":4},"end":{"line":32,"column":null}},"4":{"start":{"line":14,"column":25},"end":{"line":19,"column":null}},"5":{"start":{"line":21,"column":4},"end":{"line":28,"column":null}},"6":{"start":{"line":21,"column":45},"end":{"line":28,"column":null}},"7":{"start":{"line":30,"column":8},"end":{"line":30,"column":null}},"8":{"start":{"line":31,"column":8},"end":{"line":31,"column":null}}},"fnMap":{"0":{"name":"(anonymous_0)","decl":{"start":{"line":6,"column":30},"end":{"line":6,"column":38}},"loc":{"start":{"line":6,"column":38},"end":{"line":34,"column":null}},"line":6},"1":{"name":"(anonymous_1)","decl":{"start":{"line":21,"column":35},"end":{"line":21,"column":36}},"loc":{"start":{"line":21,"column":45},"end":{"line":28,"column":null}},"line":21}},"branchMap":{"0":{"loc":{"start":{"line":9,"column":4},"end":{"line":11,"column":null}},"type":"if","locations":[{"start":{"line":9,"column":4},"end":{"line":11,"column":null}},{"start":{},"end":{}}],"line":9}},"s":{"0":3,"1":6,"2":1,"3":5,"4":5,"5":4,"6":40,"7":1,"8":1},"f":{"0":6,"1":40},"b":{"0":[1,5]},"meta":{"lastBranch":1,"lastFunction":2,"lastStatement":9,"seen":{"s:6:30:34:Infinity":0,"f:6:30:6:38":0,"b:9:4:11:Infinity:undefined:undefined:undefined:undefined":0,"s:9:4:11:Infinity":1,"s:10:8:10:Infinity":2,"s:13:4:32:Infinity":3,"s:14:25:19:Infinity":4,"s:21:4:28:Infinity":5,"f:21:35:21:36":1,"s:21:45:28:Infinity":6,"s:30:8:30:Infinity":7,"s:31:8:31:Infinity":8}}}
,"D:\\ANDRES\\DOCUMENTOS M.2\\COURSES\\DEV-TALLES\\REACT\\03-gifs-app2\\src\\gifs\\actions\\giphy.response.data.ts": {"path":"D:\\ANDRES\\DOCUMENTOS M.2\\COURSES\\DEV-TALLES\\REACT\\03-gifs-app2\\src\\gifs\\actions\\giphy.response.data.ts","statementMap":{"0":{"start":{"line":1,"column":39},"end":{"line":1997,"column":null}}},"fnMap":{},"branchMap":{},"s":{"0":1},"f":{},"b":{},"meta":{"lastBranch":0,"lastFunction":0,"lastStatement":1,"seen":{"s:1:39:1997:Infinity":0}}}
,"D:\\ANDRES\\DOCUMENTOS M.2\\COURSES\\DEV-TALLES\\REACT\\03-gifs-app2\\src\\gifs\\api\\giphy.api.ts": {"path":"D:\\ANDRES\\DOCUMENTOS M.2\\COURSES\\DEV-TALLES\\REACT\\03-gifs-app2\\src\\gifs\\api\\giphy.api.ts","statementMap":{"0":{"start":{"line":4,"column":24},"end":{"line":10,"column":null}}},"fnMap":{},"branchMap":{},"s":{"0":4},"f":{},"b":{},"meta":{"lastBranch":0,"lastFunction":0,"lastStatement":1,"seen":{"s:4:24:10:Infinity":0}}}
,"D:\\ANDRES\\DOCUMENTOS M.2\\COURSES\\DEV-TALLES\\REACT\\03-gifs-app2\\src\\gifs\\components\\GifsList.tsx": {"path":"D:\\ANDRES\\DOCUMENTOS M.2\\COURSES\\DEV-TALLES\\REACT\\03-gifs-app2\\src\\gifs\\components\\GifsList.tsx","statementMap":{"0":{"start":{"line":8,"column":35},"end":{"line":26,"column":null}}},"fnMap":{"0":{"name":"(anonymous_0)","decl":{"start":{"line":8,"column":35},"end":{"line":8,"column":36}},"loc":{"start":{"line":8,"column":42},"end":{"line":26,"column":null}},"line":8}},"branchMap":{},"s":{"0":1},"f":{"0":1},"b":{},"meta":{"lastBranch":0,"lastFunction":1,"lastStatement":1,"seen":{"s:8:35:26:Infinity":0,"f:8:35:8:36":0}}}
,"D:\\ANDRES\\DOCUMENTOS M.2\\COURSES\\DEV-TALLES\\REACT\\03-gifs-app2\\src\\gifs\\components\\PreviousSearches.tsx": {"path":"D:\\ANDRES\\DOCUMENTOS M.2\\COURSES\\DEV-TALLES\\REACT\\03-gifs-app2\\src\\gifs\\components\\PreviousSearches.tsx","statementMap":{"0":{"start":{"line":7,"column":32},"end":{"line":22,"column":null}},"1":{"start":{"line":15,"column":51},"end":{"line":15,"column":71}}},"fnMap":{"0":{"name":"(anonymous_0)","decl":{"start":{"line":7,"column":32},"end":{"line":7,"column":33}},"loc":{"start":{"line":7,"column":69},"end":{"line":22,"column":null}},"line":7},"1":{"name":"(anonymous_1)","decl":{"start":{"line":15,"column":44},"end":{"line":15,"column":51}},"loc":{"start":{"line":15,"column":44},"end":{"line":15,"column":75}},"line":15}},"branchMap":{},"s":{"0":1,"1":0},"f":{"0":1,"1":0},"b":{},"meta":{"lastBranch":0,"lastFunction":2,"lastStatement":2,"seen":{"s:7:32:22:Infinity":0,"f:7:32:7:33":0,"f:15:44:15:51":1,"s:15:51:15:71":1}}}
,"D:\\ANDRES\\DOCUMENTOS M.2\\COURSES\\DEV-TALLES\\REACT\\03-gifs-app2\\src\\gifs\\hooks\\useGifs.tsx": {"path":"D:\\ANDRES\\DOCUMENTOS M.2\\COURSES\\DEV-TALLES\\REACT\\03-gifs-app2\\src\\gifs\\hooks\\useGifs.tsx","statementMap":{"0":{"start":{"line":7,"column":23},"end":{"line":59,"column":null}},"1":{"start":{"line":8,"column":27},"end":{"line":8,"column":null}},"2":{"start":{"line":9,"column":37},"end":{"line":9,"column":null}},"3":{"start":{"line":11,"column":10},"end":{"line":11,"column":null}},"4":{"start":{"line":14,"column":30},"end":{"line":29,"column":null}},"5":{"start":{"line":18,"column":8},"end":{"line":23,"column":null}},"6":{"start":{"line":19,"column":25},"end":{"line":19,"column":null}},"7":{"start":{"line":20,"column":12},"end":{"line":20,"column":null}},"8":{"start":{"line":21,"column":12},"end":{"line":21,"column":null}},"9":{"start":{"line":22,"column":12},"end":{"line":22,"column":null}},"10":{"start":{"line":25,"column":8},"end":{"line":25,"column":null}},"11":{"start":{"line":31,"column":25},"end":{"line":44,"column":null}},"12":{"start":{"line":33,"column":8},"end":{"line":33,"column":null}},"13":{"start":{"line":35,"column":8},"end":{"line":35,"column":null}},"14":{"start":{"line":35,"column":20},"end":{"line":35,"column":null}},"15":{"start":{"line":36,"column":8},"end":{"line":36,"column":null}},"16":{"start":{"line":36,"column":39},"end":{"line":36,"column":null}},"17":{"start":{"line":38,"column":8},"end":{"line":38,"column":null}},"18":{"start":{"line":40,"column":21},"end":{"line":40,"column":null}},"19":{"start":{"line":41,"column":8},"end":{"line":41,"column":null}},"20":{"start":{"line":43,"column":8},"end":{"line":43,"column":null}},"21":{"start":{"line":48,"column":2},"end":{"line":58,"column":null}}},"fnMap":{"0":{"name":"(anonymous_0)","decl":{"start":{"line":7,"column":23},"end":{"line":7,"column":null}},"loc":{"start":{"line":7,"column":23},"end":{"line":59,"column":null}},"line":7},"1":{"name":"(anonymous_1)","decl":{"start":{"line":14,"column":30},"end":{"line":14,"column":37}},"loc":{"start":{"line":14,"column":37},"end":{"line":29,"column":null}},"line":14},"2":{"name":"(anonymous_2)","decl":{"start":{"line":31,"column":25},"end":{"line":31,"column":31}},"loc":{"start":{"line":31,"column":31},"end":{"line":44,"column":null}},"line":31}},"branchMap":{"0":{"loc":{"start":{"line":18,"column":8},"end":{"line":23,"column":null}},"type":"if","locations":[{"start":{"line":18,"column":8},"end":{"line":23,"column":null}},{"start":{},"end":{}}],"line":18},"1":{"loc":{"start":{"line":35,"column":8},"end":{"line":35,"column":null}},"type":"if","locations":[{"start":{"line":35,"column":8},"end":{"line":35,"column":null}},{"start":{},"end":{}}],"line":35},"2":{"loc":{"start":{"line":36,"column":8},"end":{"line":36,"column":null}},"type":"if","locations":[{"start":{"line":36,"column":8},"end":{"line":36,"column":null}},{"start":{},"end":{}}],"line":36}},"s":{"0":2,"1":20,"2":20,"3":20,"4":20,"5":3,"6":2,"7":2,"8":2,"9":2,"10":1,"11":20,"12":11,"13":11,"14":0,"15":11,"16":0,"17":11,"18":11,"19":11,"20":11,"21":20},"f":{"0":20,"1":3,"2":11},"b":{"0":[2,1],"1":[0,11],"2":[0,11]},"meta":{"lastBranch":3,"lastFunction":3,"lastStatement":22,"seen":{"s:7:23:59:Infinity":0,"f:7:23:7:Infinity":0,"s:8:27:8:Infinity":1,"s:9:37:9:Infinity":2,"s:11:10:11:Infinity":3,"s:14:30:29:Infinity":4,"f:14:30:14:37":1,"b:18:8:23:Infinity:undefined:undefined:undefined:undefined":0,"s:18:8:23:Infinity":5,"s:19:25:19:Infinity":6,"s:20:12:20:Infinity":7,"s:21:12:21:Infinity":8,"s:22:12:22:Infinity":9,"s:25:8:25:Infinity":10,"s:31:25:44:Infinity":11,"f:31:25:31:31":2,"s:33:8:33:Infinity":12,"b:35:8:35:Infinity:undefined:undefined:undefined:undefined":1,"s:35:8:35:Infinity":13,"s:35:20:35:Infinity":14,"b:36:8:36:Infinity:undefined:undefined:undefined:undefined":2,"s:36:8:36:Infinity":15,"s:36:39:36:Infinity":16,"s:38:8:38:Infinity":17,"s:40:21:40:Infinity":18,"s:41:8:41:Infinity":19,"s:43:8:43:Infinity":20,"s:48:2:58:Infinity":21}}}
,"D:\\ANDRES\\DOCUMENTOS M.2\\COURSES\\DEV-TALLES\\REACT\\03-gifs-app2\\src\\shared\\components\\CustomHeader.tsx": {"path":"D:\\ANDRES\\DOCUMENTOS M.2\\COURSES\\DEV-TALLES\\REACT\\03-gifs-app2\\src\\shared\\components\\CustomHeader.tsx","statementMap":{"0":{"start":{"line":5,"column":28},"end":{"line":14,"column":null}}},"fnMap":{"0":{"name":"(anonymous_0)","decl":{"start":{"line":5,"column":28},"end":{"line":5,"column":29}},"loc":{"start":{"line":5,"column":55},"end":{"line":14,"column":null}},"line":5}},"branchMap":{},"s":{"0":2},"f":{"0":4},"b":{},"meta":{"lastBranch":0,"lastFunction":1,"lastStatement":1,"seen":{"s:5:28:14:Infinity":0,"f:5:28:5:29":0}}}
,"D:\\ANDRES\\DOCUMENTOS M.2\\COURSES\\DEV-TALLES\\REACT\\03-gifs-app2\\src\\shared\\components\\SearchBar.tsx": {"path":"D:\\ANDRES\\DOCUMENTOS M.2\\COURSES\\DEV-TALLES\\REACT\\03-gifs-app2\\src\\shared\\components\\SearchBar.tsx","statementMap":{"0":{"start":{"line":9,"column":25},"end":{"line":49,"column":null}},"1":{"start":{"line":11,"column":25},"end":{"line":11,"column":null}},"2":{"start":{"line":13,"column":2},"end":{"line":22,"column":null}},"3":{"start":{"line":15,"column":24},"end":{"line":17,"column":null}},"4":{"start":{"line":16,"column":8},"end":{"line":16,"column":null}},"5":{"start":{"line":19,"column":6},"end":{"line":21,"column":null}},"6":{"start":{"line":20,"column":8},"end":{"line":20,"column":null}},"7":{"start":{"line":24,"column":23},"end":{"line":27,"column":null}},"8":{"start":{"line":25,"column":4},"end":{"line":25,"column":null}},"9":{"start":{"line":26,"column":4},"end":{"line":26,"column":null}},"10":{"start":{"line":29,"column":24},"end":{"line":33,"column":null}},"11":{"start":{"line":30,"column":4},"end":{"line":32,"column":null}},"12":{"start":{"line":31,"column":6},"end":{"line":31,"column":null}},"13":{"start":{"line":40,"column":30},"end":{"line":40,"column":58}}},"fnMap":{"0":{"name":"(anonymous_0)","decl":{"start":{"line":9,"column":25},"end":{"line":9,"column":26}},"loc":{"start":{"line":9,"column":66},"end":{"line":49,"column":null}},"line":9},"1":{"name":"(anonymous_1)","decl":{"start":{"line":13,"column":12},"end":{"line":13,"column":null}},"loc":{"start":{"line":13,"column":12},"end":{"line":22,"column":5}},"line":13},"2":{"name":"(anonymous_2)","decl":{"start":{"line":15,"column":35},"end":{"line":15,"column":null}},"loc":{"start":{"line":15,"column":35},"end":{"line":17,"column":9}},"line":15},"3":{"name":"(anonymous_3)","decl":{"start":{"line":19,"column":13},"end":{"line":19,"column":null}},"loc":{"start":{"line":19,"column":13},"end":{"line":21,"column":null}},"line":19},"4":{"name":"(anonymous_4)","decl":{"start":{"line":24,"column":23},"end":{"line":24,"column":null}},"loc":{"start":{"line":24,"column":23},"end":{"line":27,"column":null}},"line":24},"5":{"name":"(anonymous_5)","decl":{"start":{"line":29,"column":24},"end":{"line":29,"column":25}},"loc":{"start":{"line":29,"column":25},"end":{"line":33,"column":null}},"line":29},"6":{"name":"(anonymous_6)","decl":{"start":{"line":40,"column":20},"end":{"line":40,"column":30}},"loc":{"start":{"line":40,"column":20},"end":{"line":40,"column":null}},"line":40}},"branchMap":{"0":{"loc":{"start":{"line":9,"column":27},"end":{"line":9,"column":49}},"type":"default-arg","locations":[{"start":{"line":9,"column":41},"end":{"line":9,"column":49}}],"line":9},"1":{"loc":{"start":{"line":30,"column":4},"end":{"line":32,"column":null}},"type":"if","locations":[{"start":{"line":30,"column":4},"end":{"line":32,"column":null}},{"start":{},"end":{}}],"line":30}},"s":{"0":2,"1":13,"2":13,"3":13,"4":2,"5":13,"6":13,"7":13,"8":1,"9":1,"10":13,"11":0,"12":0,"13":6},"f":{"0":13,"1":13,"2":2,"3":13,"4":1,"5":0,"6":6},"b":{"0":[13],"1":[0,0]},"meta":{"lastBranch":2,"lastFunction":7,"lastStatement":14,"seen":{"s:9:25:49:Infinity":0,"f:9:25:9:26":0,"b:9:41:9:49":0,"s:11:25:11:Infinity":1,"s:13:2:22:Infinity":2,"f:13:12:13:Infinity":1,"s:15:24:17:Infinity":3,"f:15:35:15:Infinity":2,"s:16:8:16:Infinity":4,"s:19:6:21:Infinity":5,"f:19:13:19:Infinity":3,"s:20:8:20:Infinity":6,"s:24:23:27:Infinity":7,"f:24:23:24:Infinity":4,"s:25:4:25:Infinity":8,"s:26:4:26:Infinity":9,"s:29:24:33:Infinity":10,"f:29:24:29:25":5,"b:30:4:32:Infinity:undefined:undefined:undefined:undefined":1,"s:30:4:32:Infinity":11,"s:31:6:31:Infinity":12,"f:40:20:40:30":6,"s:40:30:40:58":13}}}
}
